d:\casitplusworkspace\src\carinformationsystem\src\x64\debug\carimgprocess.lib
d:\casitplusworkspace\src\carinformationsystem\src\x64\debug\carimgprocess.exp
d:\casitplusworkspace\src\carinformationsystem\src\carimgprocess\x64\debug\mlocatecarplate.obj
d:\casitplusworkspace\src\carinformationsystem\src\carimgprocess\x64\debug\mdatabasehandle.obj
d:\casitplusworkspace\src\carinformationsystem\src\carimgprocess\x64\debug\carimgprocess.obj
d:\casitplusworkspace\src\carinformationsystem\src\carimgprocess\x64\debug\vc141.pdb
d:\casitplusworkspace\src\carinformationsystem\src\carimgprocess\x64\debug\msegmentcarplate.obj
d:\casitplusworkspace\src\carinformationsystem\src\x64\debug\carimgprocess.dll
d:\casitplusworkspace\src\carinformationsystem\src\x64\debug\carimgprocess.ilk
d:\casitplusworkspace\src\carinformationsystem\src\x64\debug\carimgprocess.pdb
d:\casitplusworkspace\src\carinformationsystem\src\carimgprocess\x64\debug\carimgprocess.tlog\carimgprocess.write.1u.tlog
d:\casitplusworkspace\src\carinformationsystem\src\carimgprocess\x64\debug\carimgprocess.tlog\cl.command.1.tlog
d:\casitplusworkspace\src\carinformationsystem\src\carimgprocess\x64\debug\carimgprocess.tlog\cl.read.1.tlog
d:\casitplusworkspace\src\carinformationsystem\src\carimgprocess\x64\debug\carimgprocess.tlog\cl.write.1.tlog
d:\casitplusworkspace\src\carinformationsystem\src\carimgprocess\x64\debug\carimgprocess.tlog\link.10056.delete.1.tlog
d:\casitplusworkspace\src\carinformationsystem\src\carimgprocess\x64\debug\carimgprocess.tlog\link.17448.delete.1.tlog
d:\casitplusworkspace\src\carinformationsystem\src\carimgprocess\x64\debug\carimgprocess.tlog\link.5556.delete.1.tlog
d:\casitplusworkspace\src\carinformationsystem\src\carimgprocess\x64\debug\carimgprocess.tlog\link.9528.delete.1.tlog
d:\casitplusworkspace\src\carinformationsystem\src\carimgprocess\x64\debug\carimgprocess.tlog\link.command.1.tlog
d:\casitplusworkspace\src\carinformationsystem\src\carimgprocess\x64\debug\carimgprocess.tlog\link.read.1.tlog
d:\casitplusworkspace\src\carinformationsystem\src\carimgprocess\x64\debug\carimgprocess.tlog\link.write.1.tlog
