d:\casitplusworkspace\src\carinformationsystem\src\carinformationgui\generatedfiles\ui_carinformationgui.h
d:\casitplusworkspace\src\carinformationsystem\src\carinformationgui\generatedfiles\qrc_carinformationgui.cpp
d:\casitplusworkspace\src\carinformationsystem\src\carinformationgui\generatedfiles\debug\moc_carinformationgui.cpp
d:\casitplusworkspace\src\carinformationsystem\src\carinformationgui\x64\debug\carinformationgui.obj
d:\casitplusworkspace\src\carinformationsystem\src\carinformationgui\x64\debug\qrc_carinformationgui.obj
d:\casitplusworkspace\src\carinformationsystem\src\carinformationgui\x64\debug\main.obj
d:\casitplusworkspace\src\carinformationsystem\src\carinformationgui\x64\debug\moc_carinformationgui.obj
d:\casitplusworkspace\src\carinformationsystem\src\carinformationgui\x64\debug\vc141.pdb
d:\casitplusworkspace\src\carinformationsystem\src\x64\debug\carinformationgui.exe
d:\casitplusworkspace\src\carinformationsystem\src\x64\debug\carinformationgui.ilk
d:\casitplusworkspace\src\carinformationsystem\src\x64\debug\carinformationgui.pdb
d:\casitplusworkspace\src\carinformationsystem\src\carinformationgui\.\generatedfiles\debug\moc_carinformationgui.cpp
d:\casitplusworkspace\src\carinformationsystem\src\carinformationgui\.\generatedfiles\qrc_carinformationgui.cpp
d:\casitplusworkspace\src\carinformationsystem\src\carinformationgui\.\generatedfiles\ui_carinformationgui.h
d:\casitplusworkspace\src\carinformationsystem\src\carinformationgui\x64\debug\carinfor.99b43f07.tlog\carinformationgui.write.1u.tlog
d:\casitplusworkspace\src\carinformationsystem\src\carinformationgui\x64\debug\carinfor.99b43f07.tlog\cl.command.1.tlog
d:\casitplusworkspace\src\carinformationsystem\src\carinformationgui\x64\debug\carinfor.99b43f07.tlog\cl.read.1.tlog
d:\casitplusworkspace\src\carinformationsystem\src\carinformationgui\x64\debug\carinfor.99b43f07.tlog\cl.write.1.tlog
d:\casitplusworkspace\src\carinformationsystem\src\carinformationgui\x64\debug\carinfor.99b43f07.tlog\link.command.1.tlog
d:\casitplusworkspace\src\carinformationsystem\src\carinformationgui\x64\debug\carinfor.99b43f07.tlog\link.read.1.tlog
d:\casitplusworkspace\src\carinformationsystem\src\carinformationgui\x64\debug\carinfor.99b43f07.tlog\link.write.1.tlog
d:\casitplusworkspace\src\carinformationsystem\src\carinformationgui\x64\debug\carinfor.99b43f07.tlog\moc.read.1u.tlog
d:\casitplusworkspace\src\carinformationsystem\src\carinformationgui\x64\debug\carinfor.99b43f07.tlog\moc.write.1u.tlog
d:\casitplusworkspace\src\carinformationsystem\src\carinformationgui\x64\debug\carinfor.99b43f07.tlog\rcc.read.1u.tlog
d:\casitplusworkspace\src\carinformationsystem\src\carinformationgui\x64\debug\carinfor.99b43f07.tlog\rcc.write.1u.tlog
d:\casitplusworkspace\src\carinformationsystem\src\carinformationgui\x64\debug\carinfor.99b43f07.tlog\uic.read.1u.tlog
d:\casitplusworkspace\src\carinformationsystem\src\carinformationgui\x64\debug\carinfor.99b43f07.tlog\uic.write.1u.tlog
